Using pre-set license
Built from '6000.0/staging' branch; Version is '6000.0.34f1 (5ab2d9ed9190) revision 5944025'; Using compiler version '193933523'; Build Type 'Release'
OS: 'Windows 11  (10.0.26100) 64bit CoreCountrySpecific' Language: 'zh' Physical Memory: 16167 MB
BatchMode: 1, IsHumanControllingUs: 0, StartBugReporterOnCrash: 0, Is64bit: 1, IsPro: 1

COMMAND LINE ARGUMENTS:
D:\Program Files\Unity Editor\6000.0.34f1\Editor\Unity.exe
-adb2
-batchMode
-noUpm
-name
AssetImportWorker0
-projectPath
D:/Unity Projects/My project
-logFile
Logs/AssetImportWorker0.log
-srvPort
56299
-job-worker-count
3
-background-job-worker-count
8
-gc-helper-count
1
Successfully changed project path to: D:/Unity Projects/My project
D:/Unity Projects/My project
[UnityMemory] Configuration Parameters - Can be set up in boot.config
    "memorysetup-bucket-allocator-granularity=16"
    "memorysetup-bucket-allocator-bucket-count=8"
    "memorysetup-bucket-allocator-block-size=33554432"
    "memorysetup-bucket-allocator-block-count=8"
    "memorysetup-main-allocator-block-size=16777216"
    "memorysetup-thread-allocator-block-size=16777216"
    "memorysetup-gfx-main-allocator-block-size=16777216"
    "memorysetup-gfx-thread-allocator-block-size=16777216"
    "memorysetup-cache-allocator-block-size=4194304"
    "memorysetup-typetree-allocator-block-size=2097152"
    "memorysetup-profiler-bucket-allocator-granularity=16"
    "memorysetup-profiler-bucket-allocator-bucket-count=8"
    "memorysetup-profiler-bucket-allocator-block-size=33554432"
    "memorysetup-profiler-bucket-allocator-block-count=8"
    "memorysetup-profiler-allocator-block-size=16777216"
    "memorysetup-profiler-editor-allocator-block-size=1048576"
    "memorysetup-temp-allocator-size-main=16777216"
    "memorysetup-job-temp-allocator-block-size=2097152"
    "memorysetup-job-temp-allocator-block-size-background=1048576"
    "memorysetup-job-temp-allocator-reduction-small-platforms=262144"
    "memorysetup-allocator-temp-initial-block-size-main=262144"
    "memorysetup-allocator-temp-initial-block-size-worker=262144"
    "memorysetup-temp-allocator-size-background-worker=32768"
    "memorysetup-temp-allocator-size-job-worker=262144"
    "memorysetup-temp-allocator-size-preload-manager=33554432"
    "memorysetup-temp-allocator-size-nav-mesh-worker=65536"
    "memorysetup-temp-allocator-size-audio-worker=65536"
    "memorysetup-temp-allocator-size-cloud-worker=32768"
    "memorysetup-temp-allocator-size-gi-baking-worker=262144"
    "memorysetup-temp-allocator-size-gi-baking-worker=262144"
    "memorysetup-temp-allocator-size-gi-baking-worker=262144"
    "memorysetup-temp-allocator-size-gi-baking-worker=262144"
    "memorysetup-temp-allocator-size-gi-baking-worker=262144"
    "memorysetup-temp-allocator-size-gfx=262144"
Player connection [2992]  Target information:

Player connection [2992]  * "[IP] 192.168.146.1 [Port] 0 [Flags] 2 [Guid] 1512914314 [EditorId] 1512914314 [Version] 1048832 [Id] WindowsEditor(7,DESKTOP-AQV7SLKG) [Debug] 1 [PackageName] WindowsEditor [ProjectName] Editor" 

Player connection [2992]  * "[IP] 192.168.26.1 [Port] 0 [Flags] 2 [Guid] 1512914314 [EditorId] 1512914314 [Version] 1048832 [Id] WindowsEditor(7,DESKTOP-AQV7SLKG) [Debug] 1 [PackageName] WindowsEditor [ProjectName] Editor" 

Player connection [2992]  * "[IP] 192.168.101.14 [Port] 0 [Flags] 2 [Guid] 1512914314 [EditorId] 1512914314 [Version] 1048832 [Id] WindowsEditor(7,DESKTOP-AQV7SLKG) [Debug] 1 [PackageName] WindowsEditor [ProjectName] Editor" 

Player connection [2992] Host joined multi-casting on [225.0.0.222:54997]...
Player connection [2992] Host joined alternative multi-casting on [225.0.0.222:34997]...
JobSystem: Creating JobQueue using job-worker-count value 3
Input System module state changed to: Initialized.
[Physics::Module] Initialized fallback backend.
[Physics::Module] Id: 0xdecafbad
Library Redirect Path: Library/
[Physics::Module] Selected backend.
[Physics::Module] Name: PhysX
[Physics::Module] Id: 0xf2b8ea05
[Physics::Module] SDK Version: 4.1.2
[Physics::Module] Integration Version: 1.0.0
[Physics::Module] Threading Mode: Multi-Threaded
Refreshing native plugins compatible for Editor in 6.05 ms, found 4 plugins.
Preloading 0 native plugins for Editor in 0.00 ms.
Initialize engine version: 6000.0.34f1 (5ab2d9ed9190)
[Subsystems] Discovering subsystems at path D:/Program Files/Unity Editor/6000.0.34f1/Editor/Data/Resources/UnitySubsystems
[Subsystems] Discovering subsystems at path D:/Unity Projects/My project/Assets
GfxDevice: creating device client; kGfxThreadingModeNonThreaded
Direct3D:
    Version:  Direct3D 11.0 [level 11.1]
    Renderer: NVIDIA GeForce MX450 (ID=0x1f98)
    Vendor:   NVIDIA
    VRAM:     1906 MB
    Driver:   31.0.15.5222
Initialize mono
Mono path[0] = 'D:/Program Files/Unity Editor/6000.0.34f1/Editor/Data/Managed'
Mono path[1] = 'D:/Program Files/Unity Editor/6000.0.34f1/Editor/Data/MonoBleedingEdge/lib/mono/unityjit-win32'
Mono config path = 'D:/Program Files/Unity Editor/6000.0.34f1/Editor/Data/MonoBleedingEdge/etc'
Using monoOptions --debugger-agent=transport=dt_socket,embedding=1,server=y,suspend=n,address=127.0.0.1:56784
Begin MonoManager ReloadAssembly
Registering precompiled unity dll's ...
Register platform support module: D:/Program Files/Unity Editor/6000.0.34f1/Editor/Data/PlaybackEngines/WebGLSupport/UnityEditor.WebGL.Extensions.dll
Register platform support module: D:/Program Files/Unity Editor/6000.0.34f1/Editor/Data/PlaybackEngines/WindowsStandaloneSupport/UnityEditor.WindowsStandalone.Extensions.dll
Registered in 0.011198 seconds.
- Loaded All Assemblies, in  0.629 seconds
Native extension for WindowsStandalone target not found
Native extension for WebGL target not found
Mono: successfully reloaded assembly
- Finished resetting the current domain, in  0.525 seconds
Domain Reload Profiling: 1146ms
	BeginReloadAssembly (230ms)
		ExecutionOrderSort (0ms)
		DisableScriptedObjects (0ms)
		BackupInstance (0ms)
		ReleaseScriptingObjects (0ms)
		CreateAndSetChildDomain (1ms)
	RebuildCommonClasses (54ms)
	RebuildNativeTypeToScriptingClass (17ms)
	initialDomainReloadingComplete (84ms)
	LoadAllAssembliesAndSetupDomain (234ms)
		LoadAssemblies (219ms)
		RebuildTransferFunctionScriptingTraits (0ms)
		AnalyzeDomain (230ms)
			TypeCache.Refresh (228ms)
				TypeCache.ScanAssembly (210ms)
			BuildScriptInfoCaches (0ms)
			ResolveRequiredComponents (1ms)
	FinalizeReload (526ms)
		ReleaseScriptCaches (0ms)
		RebuildScriptCaches (0ms)
		SetupLoadedEditorAssemblies (453ms)
			LogAssemblyErrors (0ms)
			InitializePlatformSupportModulesInManaged (42ms)
			SetLoadedEditorAssemblies (8ms)
			BeforeProcessingInitializeOnLoad (79ms)
			ProcessInitializeOnLoadAttributes (249ms)
			ProcessInitializeOnLoadMethodAttributes (74ms)
			AfterProcessingInitializeOnLoad (0ms)
			EditorAssembliesLoaded (0ms)
		ExecutionOrderSort2 (0ms)
		AwakeInstancesAfterBackupRestoration (0ms)
========================================================================
Worker process is ready to serve import requests
Import Worker Mode flag is 0x00
Begin MonoManager ReloadAssembly
- Loaded All Assemblies, in  1.430 seconds
Refreshing native plugins compatible for Editor in 4.11 ms, found 4 plugins.
Native extension for WindowsStandalone target not found
Native extension for WebGL target not found
Mono: successfully reloaded assembly
- Finished resetting the current domain, in  1.563 seconds
Domain Reload Profiling: 2976ms
	BeginReloadAssembly (282ms)
		ExecutionOrderSort (0ms)
		DisableScriptedObjects (7ms)
		BackupInstance (0ms)
		ReleaseScriptingObjects (0ms)
		CreateAndSetChildDomain (41ms)
	RebuildCommonClasses (64ms)
	RebuildNativeTypeToScriptingClass (17ms)
	initialDomainReloadingComplete (72ms)
	LoadAllAssembliesAndSetupDomain (977ms)
		LoadAssemblies (686ms)
		RebuildTransferFunctionScriptingTraits (0ms)
		AnalyzeDomain (473ms)
			TypeCache.Refresh (335ms)
				TypeCache.ScanAssembly (309ms)
			BuildScriptInfoCaches (110ms)
			ResolveRequiredComponents (22ms)
	FinalizeReload (1564ms)
		ReleaseScriptCaches (0ms)
		RebuildScriptCaches (0ms)
		SetupLoadedEditorAssemblies (1327ms)
			LogAssemblyErrors (0ms)
			InitializePlatformSupportModulesInManaged (5ms)
			SetLoadedEditorAssemblies (8ms)
			BeforeProcessingInitializeOnLoad (314ms)
			ProcessInitializeOnLoadAttributes (796ms)
			ProcessInitializeOnLoadMethodAttributes (186ms)
			AfterProcessingInitializeOnLoad (18ms)
			EditorAssembliesLoaded (0ms)
		ExecutionOrderSort2 (0ms)
		AwakeInstancesAfterBackupRestoration (10ms)
Launched and connected shader compiler UnityShaderCompiler.exe after 0.02 seconds
Refreshing native plugins compatible for Editor in 4.41 ms, found 4 plugins.
Preloading 0 native plugins for Editor in 0.00 ms.
Unloading 217 Unused Serialized files (Serialized files now loaded: 0)
Unloading 6638 unused Assets / (4.6 MB). Loaded Objects now: 7349.
Memory consumption went from 179.3 MB to 174.7 MB.
Total: 12.973200 ms (FindLiveObjects: 0.971900 ms CreateObjectMapping: 2.155000 ms MarkObjects: 6.680300 ms  DeleteObjects: 3.163900 ms)

========================================================================
Received Import Request.
  Time since last request: 251215.467824 seconds.
  path: Assets/MyAssets/creature/Enemy1/Slime.png
  artifactKey: Guid(9fdc4464d2c1c9348b23e6eb0c7cc46e) Importer(815301076,1909f56bfc062723c751e8b465ee728b)
Start importing Assets/MyAssets/creature/Enemy1/Slime.png using Guid(9fdc4464d2c1c9348b23e6eb0c7cc46e) Importer(815301076,1909f56bfc062723c751e8b465ee728b) (PreviewImporter) -> (artifact id: 'b35b1d94a6a35c565c39e02eba0dfcae') in 0.1356241 seconds
Number of updated asset objects reloaded before import = 0Number of asset objects unloaded after import = 3

========================================================================
Received Import Request.
  Time since last request: 31.246983 seconds.
  path: Assets/MyAssets/creature/Enemy1/Slime 1.png
  artifactKey: Guid(7956b3e925672e740ad45f6cd1b80d86) Importer(815301076,1909f56bfc062723c751e8b465ee728b)
Start importing Assets/MyAssets/creature/Enemy1/Slime 1.png using Guid(7956b3e925672e740ad45f6cd1b80d86) Importer(815301076,1909f56bfc062723c751e8b465ee728b) (PreviewImporter) -> (artifact id: 'bebe06fdb0099853d0ff994ed6d1dd81') in 0.0154236 seconds
Number of updated asset objects reloaded before import = 0Number of asset objects unloaded after import = 3

========================================================================
Received Import Request.
  Time since last request: 5.816368 seconds.
  path: Assets/MyAssets/creature/Enemy1/Enemy1.prefab
  artifactKey: Guid(12def14041396144eafb3d6fc2b4cedf) Importer(815301076,1909f56bfc062723c751e8b465ee728b)
Start importing Assets/MyAssets/creature/Enemy1/Enemy1.prefab using Guid(12def14041396144eafb3d6fc2b4cedf) Importer(815301076,1909f56bfc062723c751e8b465ee728b) (PreviewImporter) -> (artifact id: '67ac998bce1df81a78d879626ab22faf') in 0.5434209 seconds
Number of updated asset objects reloaded before import = 0Number of asset objects unloaded after import = 143

========================================================================
Received Import Request.
  Time since last request: 10.151666 seconds.
  path: Assets/MyAssets/creature/Enemy1/Slime.png
  artifactKey: Guid(7956b3e925672e740ad45f6cd1b80d86) Importer(815301076,1909f56bfc062723c751e8b465ee728b)
Start importing Assets/MyAssets/creature/Enemy1/Slime.png using Guid(7956b3e925672e740ad45f6cd1b80d86) Importer(815301076,1909f56bfc062723c751e8b465ee728b) (PreviewImporter) -> (artifact id: 'd386e7dfdac635960657180f703b905f') in 0.0171143 seconds
Number of updated asset objects reloaded before import = 0Number of asset objects unloaded after import = 3

========================================================================
Received Import Request.
  Time since last request: 27.114439 seconds.
  path: Assets/MyAssets/creature/Enemy1/Slime.png
  artifactKey: Guid(7956b3e925672e740ad45f6cd1b80d86) Importer(815301076,1909f56bfc062723c751e8b465ee728b)
Start importing Assets/MyAssets/creature/Enemy1/Slime.png using Guid(7956b3e925672e740ad45f6cd1b80d86) Importer(815301076,1909f56bfc062723c751e8b465ee728b) (PreviewImporter) -> (artifact id: '4fe1c470c8d330441dea1aba4c321c72') in 0.0157874 seconds
Number of updated asset objects reloaded before import = 0Number of asset objects unloaded after import = 3

========================================================================
Received Import Request.
  Time since last request: 13.322630 seconds.
  path: Assets/MyAssets/creature/Enemy1/Slime.png
  artifactKey: Guid(7956b3e925672e740ad45f6cd1b80d86) Importer(815301076,1909f56bfc062723c751e8b465ee728b)
Start importing Assets/MyAssets/creature/Enemy1/Slime.png using Guid(7956b3e925672e740ad45f6cd1b80d86) Importer(815301076,1909f56bfc062723c751e8b465ee728b) (PreviewImporter) -> (artifact id: '77f8fbab57b75c74a25b48e2af47b275') in 0.0166635 seconds
Number of updated asset objects reloaded before import = 0Number of asset objects unloaded after import = 3

========================================================================
Received Import Request.
  Time since last request: 40.680684 seconds.
  path: Assets/MyAssets/creature/Enemy1/Slime.png
  artifactKey: Guid(7956b3e925672e740ad45f6cd1b80d86) Importer(815301076,1909f56bfc062723c751e8b465ee728b)
Start importing Assets/MyAssets/creature/Enemy1/Slime.png using Guid(7956b3e925672e740ad45f6cd1b80d86) Importer(815301076,1909f56bfc062723c751e8b465ee728b) (PreviewImporter) -> (artifact id: '71c7807dbc3566f55c690ada40445659') in 0.0158056 seconds
Number of updated asset objects reloaded before import = 0Number of asset objects unloaded after import = 3

========================================================================
Received Import Request.
  Time since last request: 10.107995 seconds.
  path: Assets/MyAssets/creature/Enemy1/Enemy1.prefab
  artifactKey: Guid(12def14041396144eafb3d6fc2b4cedf) Importer(815301076,1909f56bfc062723c751e8b465ee728b)
Start importing Assets/MyAssets/creature/Enemy1/Enemy1.prefab using Guid(12def14041396144eafb3d6fc2b4cedf) Importer(815301076,1909f56bfc062723c751e8b465ee728b) (PreviewImporter) -> (artifact id: '6d3c457770a819278ce5e8831e8091c2') in 0.0263994 seconds
Number of updated asset objects reloaded before import = 0Number of asset objects unloaded after import = 143

========================================================================
Received Import Request.
  Time since last request: 7.785580 seconds.
  path: Assets/MyAssets/creature/Enemy1/Slime2.png
  artifactKey: Guid(9fdc4464d2c1c9348b23e6eb0c7cc46e) Importer(2089858483,192608db42251d675da83286b1cce702)
Start importing Assets/MyAssets/creature/Enemy1/Slime2.png using Guid(9fdc4464d2c1c9348b23e6eb0c7cc46e) Importer(2089858483,192608db42251d675da83286b1cce702) (ScriptedImporter) -> (artifact id: 'b3523dc09bae8e35852d7f549f3b4558') in 0.3170094 seconds
Number of updated asset objects reloaded before import = 0Number of asset objects unloaded after import = 3

========================================================================
Received Import Request.
  Time since last request: 1.217213 seconds.
  path: Assets/Setting/DefaultVolumeProfile.asset
  artifactKey: Guid(3f9215ea0144899419cfbc0957140d3f) Importer(815301076,1909f56bfc062723c751e8b465ee728b)
Start importing Assets/Setting/DefaultVolumeProfile.asset using Guid(3f9215ea0144899419cfbc0957140d3f) Importer(815301076,1909f56bfc062723c751e8b465ee728b) (PreviewImporter) -> (artifact id: '65636432c56742a06922c04c04ec00a3') in 0.0020831 seconds
Number of updated asset objects reloaded before import = 0Number of asset objects unloaded after import = 0

========================================================================
Received Import Request.
  Time since last request: 0.000032 seconds.
  path: Assets/Setting/UniversalRenderPipelineGlobalSettings.asset
  artifactKey: Guid(93b439a37f63240aca3dd4e01d978a9f) Importer(815301076,1909f56bfc062723c751e8b465ee728b)
Start importing Assets/Setting/UniversalRenderPipelineGlobalSettings.asset using Guid(93b439a37f63240aca3dd4e01d978a9f) Importer(815301076,1909f56bfc062723c751e8b465ee728b) (PreviewImporter) -> (artifact id: '04cf013296453972cd5788a8dc48e6a2') in 0.001364 seconds
Number of updated asset objects reloaded before import = 0Number of asset objects unloaded after import = 0

========================================================================
Received Import Request.
  Time since last request: 69.776647 seconds.
  path: Assets/MyAssets/creature/Enemy2/Atlas 1.png
  artifactKey: Guid(67594b274df34854f92b914f3322652c) Importer(815301076,1909f56bfc062723c751e8b465ee728b)
Start importing Assets/MyAssets/creature/Enemy2/Atlas 1.png using Guid(67594b274df34854f92b914f3322652c) Importer(815301076,1909f56bfc062723c751e8b465ee728b) (PreviewImporter) -> (artifact id: 'c80fab993d78a9ae6941a8f433209404') in 0.0177122 seconds
Number of updated asset objects reloaded before import = 0Number of asset objects unloaded after import = 3

========================================================================
Received Import Request.
  Time since last request: 0.890317 seconds.
  path: Assets/MyAssets/creature/Enemy2/Atlas 1.png
  artifactKey: Guid(67594b274df34854f92b914f3322652c) Importer(2089858483,192608db42251d675da83286b1cce702)
Start importing Assets/MyAssets/creature/Enemy2/Atlas 1.png using Guid(67594b274df34854f92b914f3322652c) Importer(2089858483,192608db42251d675da83286b1cce702) (ScriptedImporter) -> (artifact id: 'ed4ea59159625da56a9b5de853264138') in 0.0115455 seconds
Number of updated asset objects reloaded before import = 0Number of asset objects unloaded after import = 3

========================================================================
Received Import Request.
  Time since last request: 6.585143 seconds.
  path: Assets/MyAssets/creature/Enemy2/Wizard.png
  artifactKey: Guid(67594b274df34854f92b914f3322652c) Importer(815301076,1909f56bfc062723c751e8b465ee728b)
Start importing Assets/MyAssets/creature/Enemy2/Wizard.png using Guid(67594b274df34854f92b914f3322652c) Importer(815301076,1909f56bfc062723c751e8b465ee728b) (PreviewImporter) -> (artifact id: '5b72e5bd15a90884ee081bce6744773f') in 0.01732 seconds
Number of updated asset objects reloaded before import = 0Number of asset objects unloaded after import = 3

========================================================================
Received Import Request.
  Time since last request: 0.897051 seconds.
  path: Assets/MyAssets/creature/Enemy2/Wizard.png
  artifactKey: Guid(67594b274df34854f92b914f3322652c) Importer(2089858483,192608db42251d675da83286b1cce702)
Start importing Assets/MyAssets/creature/Enemy2/Wizard.png using Guid(67594b274df34854f92b914f3322652c) Importer(2089858483,192608db42251d675da83286b1cce702) (ScriptedImporter) -> (artifact id: '4e2edea4304da9bddec7567cde78d8bc') in 0.0093347 seconds
Number of updated asset objects reloaded before import = 0Number of asset objects unloaded after import = 3

========================================================================
Received Import Request.
  Time since last request: 27.027035 seconds.
  path: Assets/MyAssets/creature/Enemy2/Wizard.png
  artifactKey: Guid(67594b274df34854f92b914f3322652c) Importer(815301076,1909f56bfc062723c751e8b465ee728b)
Start importing Assets/MyAssets/creature/Enemy2/Wizard.png using Guid(67594b274df34854f92b914f3322652c) Importer(815301076,1909f56bfc062723c751e8b465ee728b) (PreviewImporter) -> (artifact id: '27aff4b761d50acecc7114033342d390') in 0.0188825 seconds
Number of updated asset objects reloaded before import = 0Number of asset objects unloaded after import = 3

========================================================================
Received Import Request.
  Time since last request: 15.502096 seconds.
  path: Assets/MyAssets/creature/Enemy2/Wizard.png
  artifactKey: Guid(67594b274df34854f92b914f3322652c) Importer(815301076,1909f56bfc062723c751e8b465ee728b)
Start importing Assets/MyAssets/creature/Enemy2/Wizard.png using Guid(67594b274df34854f92b914f3322652c) Importer(815301076,1909f56bfc062723c751e8b465ee728b) (PreviewImporter) -> (artifact id: '116a0904113d5834554fa38fb83e1ddf') in 0.0261383 seconds
Number of updated asset objects reloaded before import = 0Number of asset objects unloaded after import = 3

========================================================================
Received Import Request.
  Time since last request: 6.767231 seconds.
  path: Assets/MyAssets/creature/Enemy2/Wizard.png
  artifactKey: Guid(67594b274df34854f92b914f3322652c) Importer(815301076,1909f56bfc062723c751e8b465ee728b)
Start importing Assets/MyAssets/creature/Enemy2/Wizard.png using Guid(67594b274df34854f92b914f3322652c) Importer(815301076,1909f56bfc062723c751e8b465ee728b) (PreviewImporter) -> (artifact id: '04568bcb862b69e089d77e150fad7bac') in 0.0185097 seconds
Number of updated asset objects reloaded before import = 0Number of asset objects unloaded after import = 3

========================================================================
Received Import Request.
  Time since last request: 56.217278 seconds.
  path: Assets/MyAssets/creature/Enemy2/Wizard.png
  artifactKey: Guid(67594b274df34854f92b914f3322652c) Importer(815301076,1909f56bfc062723c751e8b465ee728b)
Start importing Assets/MyAssets/creature/Enemy2/Wizard.png using Guid(67594b274df34854f92b914f3322652c) Importer(815301076,1909f56bfc062723c751e8b465ee728b) (PreviewImporter) -> (artifact id: '1ca1d6190d6b012f6e0d47f24d6c3a56') in 0.0178467 seconds
Number of updated asset objects reloaded before import = 0Number of asset objects unloaded after import = 3

========================================================================
Received Import Request.
  Time since last request: 15.393810 seconds.
  path: Assets/MyAssets/creature/Enemy2/Enemy2.prefab
  artifactKey: Guid(c3b7edcc05f609145afd4c43f026f8f1) Importer(815301076,1909f56bfc062723c751e8b465ee728b)
Start importing Assets/MyAssets/creature/Enemy2/Enemy2.prefab using Guid(c3b7edcc05f609145afd4c43f026f8f1) Importer(815301076,1909f56bfc062723c751e8b465ee728b) (PreviewImporter) -> (artifact id: 'e65dd9b1929ddcd846e0f650cef7de18') in 0.040773 seconds
Number of updated asset objects reloaded before import = 0Number of asset objects unloaded after import = 183

========================================================================
Received Import Request.
  Time since last request: 0.866892 seconds.
  path: Assets/MyAssets/creature/Enemy2/Enemy2.prefab
  artifactKey: Guid(c3b7edcc05f609145afd4c43f026f8f1) Importer(2089858483,192608db42251d675da83286b1cce702)
Start importing Assets/MyAssets/creature/Enemy2/Enemy2.prefab using Guid(c3b7edcc05f609145afd4c43f026f8f1) Importer(2089858483,192608db42251d675da83286b1cce702) (ScriptedImporter) -> (artifact id: '5342a355adac5f6d7d1e8ac45e8167f5') in 0.1265188 seconds
Number of updated asset objects reloaded before import = 0Number of asset objects unloaded after import = 161

